<?xml version="1.0" encoding="UTF-8"?>
<testsuite xmlns:xsi="http://www.w3.org/2001/XMLSchema-instance" xsi:noNamespaceSchemaLocation="https://maven.apache.org/surefire/maven-surefire-plugin/xsd/surefire-test-report-3.0.xsd" version="3.0" name="com.wilczek.customer.CustomerJDBCDataAccessServiceTest" time="9.747" tests="14" errors="0" skipped="0" failures="0">
  <properties>
[...]
</properties>
  <testcase name="selectAllCustomers" classname="com.wilczek.customer.CustomerJDBCDataAccessServiceTest" time="1.095">
    <system-out><![CDATA[23:27:58.226 [main] INFO org.testcontainers.utility.ImageNameSubstitutor -- Image name substitution will be performed by: DefaultImageNameSubstitutor (composite of 'ConfigurationFileImageNameSubstitutor' and 'PrefixingImageNameSubstitutor')
23:27:58.335 [main] INFO org.testcontainers.dockerclient.DockerClientProviderStrategy -- Loaded org.testcontainers.dockerclient.NpipeSocketClientProviderStrategy from ~/.testcontainers.properties, will try it first
23:27:59.095 [main] INFO org.testcontainers.dockerclient.DockerClientProviderStrategy -- Found Docker environment with local Npipe socket (npipe:////./pipe/docker_engine)
23:27:59.098 [main] INFO org.testcontainers.DockerClientFactory -- Docker host IP address is localhost
23:27:59.129 [main] INFO org.testcontainers.DockerClientFactory -- Connected to docker: 
  Server Version: 26.0.0
  API Version: 1.45
  Operating System: Docker Desktop
  Total Memory: 7789 MB
23:27:59.197 [main] INFO 🐳 [testcontainers/ryuk:0.3.4] -- Creating container for image: testcontainers/ryuk:0.3.4
23:27:59.357 [main] INFO org.testcontainers.utility.RegistryAuthLocator -- Credential helper/store (docker-credential-desktop) does not have credentials for https://index.docker.io/v1/
23:27:59.660 [main] INFO 🐳 [testcontainers/ryuk:0.3.4] -- Container testcontainers/ryuk:0.3.4 is starting: a0164e1ad1bd3b24e56322508932d7c0731ef3bb71ebe031bf1f4ff03edb4b04
23:28:00.195 [main] INFO 🐳 [testcontainers/ryuk:0.3.4] -- Container testcontainers/ryuk:0.3.4 started in PT1.0446873S
23:28:00.221 [main] INFO org.testcontainers.utility.RyukResourceReaper -- Ryuk started - will monitor and terminate Testcontainers containers on JVM exit
23:28:00.222 [main] INFO org.testcontainers.DockerClientFactory -- Checking the system...
23:28:00.224 [main] INFO org.testcontainers.DockerClientFactory -- ✔︎ Docker server version should be at least 1.6.0
23:28:00.225 [main] INFO 🐳 [postgres:latest] -- Creating container for image: postgres:latest
23:28:00.369 [main] INFO 🐳 [postgres:latest] -- Container postgres:latest is starting: 9b8e2cf922d27edc2d17ee8ec6e013f45a8a0604248d9dad24b39874ef2ffcea
23:28:02.463 [main] INFO 🐳 [postgres:latest] -- Container postgres:latest started in PT2.2379917S
23:28:02.465 [main] INFO 🐳 [postgres:latest] -- Container is started (JDBC URL: jdbc:postgresql://localhost:51213/amigoscode-dao-unit-test?loggerLevel=OFF)
23:28:02.611 [main] INFO org.flywaydb.core.internal.license.VersionPrinter -- Flyway Community Edition 9.22.3 by Redgate
23:28:02.611 [main] INFO org.flywaydb.core.internal.license.VersionPrinter -- See release notes here: https://rd.gt/416ObMi
23:28:02.611 [main] INFO org.flywaydb.core.internal.license.VersionPrinter -- 
23:28:03.119 [main] INFO org.flywaydb.core.FlywayExecutor -- Database: jdbc:postgresql://localhost:51213/amigoscode-dao-unit-test (PostgreSQL 16.2)
23:28:03.181 [main] WARN org.flywaydb.core.internal.database.base.Database -- Flyway upgrade recommended: PostgreSQL 16.2 is newer than this version of Flyway and support has not been tested. The latest supported version of PostgreSQL is 15.
23:28:03.274 [main] INFO org.flywaydb.core.internal.schemahistory.JdbcTableSchemaHistory -- Schema history table "public"."flyway_schema_history" does not exist yet
23:28:03.290 [main] INFO org.flywaydb.core.internal.command.DbValidate -- Successfully validated 2 migrations (execution time 00:00.068s)
23:28:03.397 [main] INFO org.flywaydb.core.internal.schemahistory.JdbcTableSchemaHistory -- Creating Schema History table "public"."flyway_schema_history" ...
23:28:03.643 [main] INFO org.flywaydb.core.internal.command.DbMigrate -- Current version of schema "public": << Empty Schema >>
23:28:03.671 [main] INFO org.flywaydb.core.internal.command.DbMigrate -- Migrating schema "public" to version "1 - Initial Setup"
23:28:03.851 [main] INFO org.flywaydb.core.internal.command.DbMigrate -- Migrating schema "public" to version "2 - add new column"
23:28:04.004 [main] INFO org.flywaydb.core.internal.command.DbMigrate -- Successfully applied 2 migrations to schema "public", now at version v2 (execution time 00:00.097s)
23:28:04.630 [main] INFO com.zaxxer.hikari.HikariDataSource -- HikariPool-1 - Starting...
23:28:04.720 [main] INFO com.zaxxer.hikari.pool.HikariPool -- HikariPool-1 - Added connection org.postgresql.jdbc.PgConnection@595fed99
23:28:04.725 [main] INFO com.zaxxer.hikari.HikariDataSource -- HikariPool-1 - Start completed.
JDBC template: 1

]]></system-out>
  </testcase>
  <testcase name="willUpdateAllPropertiesCustomer" classname="com.wilczek.customer.CustomerJDBCDataAccessServiceTest" time="0.163">
    <system-out><![CDATA[23:28:05.161 [main] INFO com.zaxxer.hikari.HikariDataSource -- HikariPool-2 - Starting...
23:28:05.268 [main] INFO com.zaxxer.hikari.pool.HikariPool -- HikariPool-2 - Added connection org.postgresql.jdbc.PgConnection@636dbfe7
23:28:05.269 [main] INFO com.zaxxer.hikari.HikariDataSource -- HikariPool-2 - Start completed.
JDBC template: 1

]]></system-out>
  </testcase>
  <testcase name="existPersonWithId" classname="com.wilczek.customer.CustomerJDBCDataAccessServiceTest" time="0.236">
    <system-out><![CDATA[23:28:05.326 [main] INFO com.zaxxer.hikari.HikariDataSource -- HikariPool-3 - Starting...
23:28:05.398 [main] INFO com.zaxxer.hikari.pool.HikariPool -- HikariPool-3 - Added connection org.postgresql.jdbc.PgConnection@6723cce7
23:28:05.399 [main] INFO com.zaxxer.hikari.HikariDataSource -- HikariPool-3 - Start completed.
JDBC template: 1
]]></system-out>
  </testcase>
  <testcase name="deleteCustomerById" classname="com.wilczek.customer.CustomerJDBCDataAccessServiceTest" time="0.131">
    <system-out><![CDATA[23:28:05.565 [main] INFO com.zaxxer.hikari.HikariDataSource -- HikariPool-4 - Starting...
23:28:05.660 [main] INFO com.zaxxer.hikari.pool.HikariPool -- HikariPool-4 - Added connection org.postgresql.jdbc.PgConnection@5fdb7394
23:28:05.661 [main] INFO com.zaxxer.hikari.HikariDataSource -- HikariPool-4 - Start completed.
JDBC template: 1
]]></system-out>
  </testcase>
  <testcase name="existPersonWithEmail" classname="com.wilczek.customer.CustomerJDBCDataAccessServiceTest" time="0.062">
    <system-out><![CDATA[23:28:05.697 [main] INFO com.zaxxer.hikari.HikariDataSource -- HikariPool-5 - Starting...
23:28:05.745 [main] INFO com.zaxxer.hikari.pool.HikariPool -- HikariPool-5 - Added connection org.postgresql.jdbc.PgConnection@70f85235
23:28:05.745 [main] INFO com.zaxxer.hikari.HikariDataSource -- HikariPool-5 - Start completed.
JDBC template: 1
]]></system-out>
  </testcase>
  <testcase name="updateCustomerName" classname="com.wilczek.customer.CustomerJDBCDataAccessServiceTest" time="0.1">
    <system-out><![CDATA[23:28:05.762 [main] INFO com.zaxxer.hikari.HikariDataSource -- HikariPool-6 - Starting...
23:28:05.810 [main] INFO com.zaxxer.hikari.pool.HikariPool -- HikariPool-6 - Added connection org.postgresql.jdbc.PgConnection@75cacb3e
23:28:05.810 [main] INFO com.zaxxer.hikari.HikariDataSource -- HikariPool-6 - Start completed.
JDBC template: 1
]]></system-out>
  </testcase>
  <testcase name="willNotUpdateWhenNothingToUpdate" classname="com.wilczek.customer.CustomerJDBCDataAccessServiceTest" time="0.1">
    <system-out><![CDATA[23:28:05.868 [main] INFO com.zaxxer.hikari.HikariDataSource -- HikariPool-7 - Starting...
23:28:05.936 [main] INFO com.zaxxer.hikari.pool.HikariPool -- HikariPool-7 - Added connection org.postgresql.jdbc.PgConnection@17d76ebb
23:28:05.937 [main] INFO com.zaxxer.hikari.HikariDataSource -- HikariPool-7 - Start completed.
JDBC template: 1
]]></system-out>
  </testcase>
  <testcase name="existsPersonWithIdReturnsFalseWhenDoesNotExists" classname="com.wilczek.customer.CustomerJDBCDataAccessServiceTest" time="0.065">
    <system-out><![CDATA[23:28:05.964 [main] INFO com.zaxxer.hikari.HikariDataSource -- HikariPool-8 - Starting...
23:28:06.017 [main] INFO com.zaxxer.hikari.pool.HikariPool -- HikariPool-8 - Added connection org.postgresql.jdbc.PgConnection@2404abe2
23:28:06.018 [main] INFO com.zaxxer.hikari.HikariDataSource -- HikariPool-8 - Start completed.
]]></system-out>
  </testcase>
  <testcase name="updateCustomerAge" classname="com.wilczek.customer.CustomerJDBCDataAccessServiceTest" time="0.094">
    <system-out><![CDATA[23:28:06.033 [main] INFO com.zaxxer.hikari.HikariDataSource -- HikariPool-9 - Starting...
23:28:06.091 [main] INFO com.zaxxer.hikari.pool.HikariPool -- HikariPool-9 - Added connection org.postgresql.jdbc.PgConnection@b70fa38
23:28:06.092 [main] INFO com.zaxxer.hikari.HikariDataSource -- HikariPool-9 - Start completed.
JDBC template: 1
]]></system-out>
  </testcase>
  <testcase name="existsPersonWithEmailReturnsFalseWhenDoesNotExists" classname="com.wilczek.customer.CustomerJDBCDataAccessServiceTest" time="0.1">
    <system-out><![CDATA[23:28:06.128 [main] INFO com.zaxxer.hikari.HikariDataSource -- HikariPool-10 - Starting...
23:28:06.203 [main] INFO com.zaxxer.hikari.pool.HikariPool -- HikariPool-10 - Added connection org.postgresql.jdbc.PgConnection@1f7336b2
23:28:06.204 [main] INFO com.zaxxer.hikari.HikariDataSource -- HikariPool-10 - Start completed.
]]></system-out>
  </testcase>
  <testcase name="selectCustomerById" classname="com.wilczek.customer.CustomerJDBCDataAccessServiceTest" time="0.102">
    <system-out><![CDATA[23:28:06.231 [main] INFO com.zaxxer.hikari.HikariDataSource -- HikariPool-11 - Starting...
23:28:06.294 [main] INFO com.zaxxer.hikari.pool.HikariPool -- HikariPool-11 - Added connection org.postgresql.jdbc.PgConnection@3e2d8623
23:28:06.294 [main] INFO com.zaxxer.hikari.HikariDataSource -- HikariPool-11 - Start completed.
JDBC template: 1
]]></system-out>
  </testcase>
  <testcase name="willReturnEmptyWhenSelectCustomerById" classname="com.wilczek.customer.CustomerJDBCDataAccessServiceTest" time="0.086">
    <system-out><![CDATA[23:28:06.333 [main] INFO com.zaxxer.hikari.HikariDataSource -- HikariPool-12 - Starting...
23:28:06.405 [main] INFO com.zaxxer.hikari.pool.HikariPool -- HikariPool-12 - Added connection org.postgresql.jdbc.PgConnection@29d2fa84
23:28:06.405 [main] INFO com.zaxxer.hikari.HikariDataSource -- HikariPool-12 - Start completed.
]]></system-out>
  </testcase>
  <testcase name="insertCustomer" classname="com.wilczek.customer.CustomerJDBCDataAccessServiceTest" time="0.11">
    <system-out><![CDATA[23:28:06.422 [main] INFO com.zaxxer.hikari.HikariDataSource -- HikariPool-13 - Starting...
23:28:06.501 [main] INFO com.zaxxer.hikari.pool.HikariPool -- HikariPool-13 - Added connection org.postgresql.jdbc.PgConnection@405d8a80
23:28:06.501 [main] INFO com.zaxxer.hikari.HikariDataSource -- HikariPool-13 - Start completed.
JDBC template: 1
]]></system-out>
  </testcase>
  <testcase name="updateCustomerEmail" classname="com.wilczek.customer.CustomerJDBCDataAccessServiceTest" time="0.159">
    <system-out><![CDATA[23:28:06.533 [main] INFO com.zaxxer.hikari.HikariDataSource -- HikariPool-14 - Starting...
23:28:06.632 [main] INFO com.zaxxer.hikari.pool.HikariPool -- HikariPool-14 - Added connection org.postgresql.jdbc.PgConnection@6c24f61d
23:28:06.633 [main] INFO com.zaxxer.hikari.HikariDataSource -- HikariPool-14 - Start completed.
JDBC template: 1
]]></system-out>
  </testcase>
</testsuite>