<?xml version="1.0" encoding="UTF-8"?>
<testsuite xmlns:xsi="http://www.w3.org/2001/XMLSchema-instance" xsi:noNamespaceSchemaLocation="https://maven.apache.org/surefire/maven-surefire-plugin/xsd/surefire-test-report-3.0.xsd" version="3.0" name="com.wilczek.customer.CustomerRowMapperTest" time="0.333" tests="1" errors="0" skipped="0" failures="0">
  <properties>
[...]
</properties>
  <testcase name="mapRow" classname="com.wilczek.customer.CustomerRowMapperTest" time="0.331">
    <system-out><![CDATA[Customer{id=1, age=33, name='jakub', email='jakub@cpk.pl'}
]]></system-out>
  </testcase>
</testsuite>